  Определение проектов для восстановления...
  Все проекты обновлены для восстановления.
E:\Atest1.0\AudioStudio\AudioStudio\MainWindow.xaml.cs(385,35): warning CS8602: Разыменование вероятной пустой ссылки. [E:\Atest1.0\AudioStudio\AudioStudio\AudioStudio.csproj]
E:\Atest1.0\AudioStudio\AudioStudio\MainWindow.xaml.cs(487,13): error CS0104: "MessageBox" является неоднозначной ссылкой между "System.Windows.Forms.MessageBox" и "System.Windows.MessageBox". [E:\Atest1.0\AudioStudio\AudioStudio\AudioStudio.csproj]
E:\Atest1.0\AudioStudio\AudioStudio\MainWindow.xaml.cs(590,54): error CS0104: "Color" является неоднозначной ссылкой между "System.Drawing.Color" и "System.Windows.Media.Color". [E:\Atest1.0\AudioStudio\AudioStudio\AudioStudio.csproj]
E:\Atest1.0\AudioStudio\AudioStudio\MainWindow.xaml.cs(591,55): error CS0104: "Color" является неоднозначной ссылкой между "System.Drawing.Color" и "System.Windows.Media.Color". [E:\Atest1.0\AudioStudio\AudioStudio\AudioStudio.csproj]
E:\Atest1.0\AudioStudio\AudioStudio\MainWindow.xaml.cs(593,30): error CS0104: "Cursors" является неоднозначной ссылкой между "System.Windows.Forms.Cursors" и "System.Windows.Input.Cursors". [E:\Atest1.0\AudioStudio\AudioStudio\AudioStudio.csproj]
E:\Atest1.0\AudioStudio\AudioStudio\MainWindow.xaml.cs(609,45): error CS0104: "Color" является неоднозначной ссылкой между "System.Drawing.Color" и "System.Windows.Media.Color". [E:\Atest1.0\AudioStudio\AudioStudio\AudioStudio.csproj]
E:\Atest1.0\AudioStudio\AudioStudio\MainWindow.xaml.cs(610,45): error CS0104: "Color" является неоднозначной ссылкой между "System.Drawing.Color" и "System.Windows.Media.Color". [E:\Atest1.0\AudioStudio\AudioStudio\AudioStudio.csproj]
E:\Atest1.0\AudioStudio\AudioStudio\MainWindow.xaml.cs(613,43): error CS0176: Доступ к члену "HorizontalAlignment.Left" через ссылку на экземпляр невозможен; вместо этого уточните его, указав имя типа. [E:\Atest1.0\AudioStudio\AudioStudio\AudioStudio.csproj]
E:\Atest1.0\AudioStudio\AudioStudio\MainWindow.xaml.cs(624,45): error CS0104: "Color" является неоднозначной ссылкой между "System.Drawing.Color" и "System.Windows.Media.Color". [E:\Atest1.0\AudioStudio\AudioStudio\AudioStudio.csproj]
E:\Atest1.0\AudioStudio\AudioStudio\MainWindow.xaml.cs(625,45): error CS0104: "Color" является неоднозначной ссылкой между "System.Drawing.Color" и "System.Windows.Media.Color". [E:\Atest1.0\AudioStudio\AudioStudio\AudioStudio.csproj]
E:\Atest1.0\AudioStudio\AudioStudio\MainWindow.xaml.cs(628,43): error CS0176: Доступ к члену "HorizontalAlignment.Left" через ссылку на экземпляр невозможен; вместо этого уточните его, указав имя типа. [E:\Atest1.0\AudioStudio\AudioStudio\AudioStudio.csproj]
E:\Atest1.0\AudioStudio\AudioStudio\MainWindow.xaml.cs(634,38): error CS0104: "Button" является неоднозначной ссылкой между "System.Windows.Controls.Button" и "System.Windows.Forms.Button". [E:\Atest1.0\AudioStudio\AudioStudio\AudioStudio.csproj]
E:\Atest1.0\AudioStudio\AudioStudio\MainWindow.xaml.cs(640,34): error CS0104: "Brushes" является неоднозначной ссылкой между "System.Drawing.Brushes" и "System.Windows.Media.Brushes". [E:\Atest1.0\AudioStudio\AudioStudio\AudioStudio.csproj]
E:\Atest1.0\AudioStudio\AudioStudio\MainWindow.xaml.cs(641,54): error CS0104: "Color" является неоднозначной ссылкой между "System.Drawing.Color" и "System.Windows.Media.Color". [E:\Atest1.0\AudioStudio\AudioStudio\AudioStudio.csproj]
E:\Atest1.0\AudioStudio\AudioStudio\MainWindow.xaml.cs(643,30): error CS0104: "Cursors" является неоднозначной ссылкой между "System.Windows.Forms.Cursors" и "System.Windows.Input.Cursors". [E:\Atest1.0\AudioStudio\AudioStudio\AudioStudio.csproj]
E:\Atest1.0\AudioStudio\AudioStudio\MainWindow.xaml.cs(644,43): error CS0176: Доступ к члену "HorizontalAlignment.Right" через ссылку на экземпляр невозможен; вместо этого уточните его, указав имя типа. [E:\Atest1.0\AudioStudio\AudioStudio\AudioStudio.csproj]
E:\Atest1.0\AudioStudio\AudioStudio\MainWindow.xaml.cs(676,45): error CS0104: "Color" является неоднозначной ссылкой между "System.Drawing.Color" и "System.Windows.Media.Color". [E:\Atest1.0\AudioStudio\AudioStudio\AudioStudio.csproj]
E:\Atest1.0\AudioStudio\AudioStudio\MainWindow.xaml.cs(677,45): error CS0104: "Color" является неоднозначной ссылкой между "System.Drawing.Color" и "System.Windows.Media.Color". [E:\Atest1.0\AudioStudio\AudioStudio\AudioStudio.csproj]
E:\Atest1.0\AudioStudio\AudioStudio\MainWindow.xaml.cs(678,55): error CS0104: "Color" является неоднозначной ссылкой между "System.Drawing.Color" и "System.Windows.Media.Color". [E:\Atest1.0\AudioStudio\AudioStudio\AudioStudio.csproj]
E:\Atest1.0\AudioStudio\AudioStudio\MainWindow.xaml.cs(685,34): error CS0104: "Brushes" является неоднозначной ссылкой между "System.Drawing.Brushes" и "System.Windows.Media.Brushes". [E:\Atest1.0\AudioStudio\AudioStudio\AudioStudio.csproj]
E:\Atest1.0\AudioStudio\AudioStudio\MainWindow.xaml.cs(717,54): error CS0104: "Color" является неоднозначной ссылкой между "System.Drawing.Color" и "System.Windows.Media.Color". [E:\Atest1.0\AudioStudio\AudioStudio\AudioStudio.csproj]
E:\Atest1.0\AudioStudio\AudioStudio\MainWindow.xaml.cs(720,34): error CS0104: "Cursors" является неоднозначной ссылкой между "System.Windows.Forms.Cursors" и "System.Windows.Input.Cursors". [E:\Atest1.0\AudioStudio\AudioStudio\AudioStudio.csproj]
E:\Atest1.0\AudioStudio\AudioStudio\MainWindow.xaml.cs(724,39): error CS0104: "Rectangle" является неоднозначной ссылкой между "System.Drawing.Rectangle" и "System.Windows.Shapes.Rectangle". [E:\Atest1.0\AudioStudio\AudioStudio\AudioStudio.csproj]
E:\Atest1.0\AudioStudio\AudioStudio\MainWindow.xaml.cs(728,32): error CS0104: "Brushes" является неоднозначной ссылкой между "System.Drawing.Brushes" и "System.Windows.Media.Brushes". [E:\Atest1.0\AudioStudio\AudioStudio\AudioStudio.csproj]
E:\Atest1.0\AudioStudio\AudioStudio\MainWindow.xaml.cs(786,48): error CS0104: "Color" является неоднозначной ссылкой между "System.Drawing.Color" и "System.Windows.Media.Color". [E:\Atest1.0\AudioStudio\AudioStudio\AudioStudio.csproj]
E:\Atest1.0\AudioStudio\AudioStudio\MainWindow.xaml.cs(787,50): error CS0104: "Color" является неоднозначной ссылкой между "System.Drawing.Color" и "System.Windows.Media.Color". [E:\Atest1.0\AudioStudio\AudioStudio\AudioStudio.csproj]
E:\Atest1.0\AudioStudio\AudioStudio\MainWindow.xaml.cs(797,46): error CS0104: "Color" является неоднозначной ссылкой между "System.Drawing.Color" и "System.Windows.Media.Color". [E:\Atest1.0\AudioStudio\AudioStudio\AudioStudio.csproj]
E:\Atest1.0\AudioStudio\AudioStudio\MainWindow.xaml.cs(934,17): error CS0104: "MessageBox" является неоднозначной ссылкой между "System.Windows.Forms.MessageBox" и "System.Windows.MessageBox". [E:\Atest1.0\AudioStudio\AudioStudio\AudioStudio.csproj]
E:\Atest1.0\AudioStudio\AudioStudio\MainWindow.xaml.cs(989,21): warning CS8602: Разыменование вероятной пустой ссылки. [E:\Atest1.0\AudioStudio\AudioStudio\AudioStudio.csproj]
E:\Atest1.0\AudioStudio\AudioStudio\MainWindow.xaml.cs(1042,25): warning CS8602: Разыменование вероятной пустой ссылки. [E:\Atest1.0\AudioStudio\AudioStudio\AudioStudio.csproj]
E:\Atest1.0\AudioStudio\AudioStudio\MainWindow.xaml.cs(1218,17): error CS0104: "MessageBox" является неоднозначной ссылкой между "System.Windows.Forms.MessageBox" и "System.Windows.MessageBox". [E:\Atest1.0\AudioStudio\AudioStudio\AudioStudio.csproj]
E:\Atest1.0\AudioStudio\AudioStudio\MainWindow.xaml.cs(1201,21): warning CS8602: Разыменование вероятной пустой ссылки. [E:\Atest1.0\AudioStudio\AudioStudio\AudioStudio.csproj]
E:\Atest1.0\AudioStudio\AudioStudio\MainWindow.xaml.cs(1212,21): warning CS8602: Разыменование вероятной пустой ссылки. [E:\Atest1.0\AudioStudio\AudioStudio\AudioStudio.csproj]
E:\Atest1.0\AudioStudio\AudioStudio\MainWindow.xaml.cs(1227,13): warning CS8602: Разыменование вероятной пустой ссылки. [E:\Atest1.0\AudioStudio\AudioStudio\AudioStudio.csproj]
E:\Atest1.0\AudioStudio\AudioStudio\MainWindow.xaml.cs(1421,13): error CS0104: "MessageBox" является неоднозначной ссылкой между "System.Windows.Forms.MessageBox" и "System.Windows.MessageBox". [E:\Atest1.0\AudioStudio\AudioStudio\AudioStudio.csproj]
E:\Atest1.0\AudioStudio\AudioStudio\MainWindow.xaml.cs(1428,13): error CS0104: "MessageBox" является неоднозначной ссылкой между "System.Windows.Forms.MessageBox" и "System.Windows.MessageBox". [E:\Atest1.0\AudioStudio\AudioStudio\AudioStudio.csproj]
E:\Atest1.0\AudioStudio\AudioStudio\MainWindow.xaml.cs(1480,13): error CS0104: "MessageBox" является неоднозначной ссылкой между "System.Windows.Forms.MessageBox" и "System.Windows.MessageBox". [E:\Atest1.0\AudioStudio\AudioStudio\AudioStudio.csproj]

Ошибка сборки.

E:\Atest1.0\AudioStudio\AudioStudio\MainWindow.xaml.cs(385,35): warning CS8602: Разыменование вероятной пустой ссылки. [E:\Atest1.0\AudioStudio\AudioStudio\AudioStudio.csproj]
E:\Atest1.0\AudioStudio\AudioStudio\MainWindow.xaml.cs(989,21): warning CS8602: Разыменование вероятной пустой ссылки. [E:\Atest1.0\AudioStudio\AudioStudio\AudioStudio.csproj]
E:\Atest1.0\AudioStudio\AudioStudio\MainWindow.xaml.cs(1042,25): warning CS8602: Разыменование вероятной пустой ссылки. [E:\Atest1.0\AudioStudio\AudioStudio\AudioStudio.csproj]
E:\Atest1.0\AudioStudio\AudioStudio\MainWindow.xaml.cs(1201,21): warning CS8602: Разыменование вероятной пустой ссылки. [E:\Atest1.0\AudioStudio\AudioStudio\AudioStudio.csproj]
E:\Atest1.0\AudioStudio\AudioStudio\MainWindow.xaml.cs(1212,21): warning CS8602: Разыменование вероятной пустой ссылки. [E:\Atest1.0\AudioStudio\AudioStudio\AudioStudio.csproj]
E:\Atest1.0\AudioStudio\AudioStudio\MainWindow.xaml.cs(1227,13): warning CS8602: Разыменование вероятной пустой ссылки. [E:\Atest1.0\AudioStudio\AudioStudio\AudioStudio.csproj]
E:\Atest1.0\AudioStudio\AudioStudio\MainWindow.xaml.cs(487,13): error CS0104: "MessageBox" является неоднозначной ссылкой между "System.Windows.Forms.MessageBox" и "System.Windows.MessageBox". [E:\Atest1.0\AudioStudio\AudioStudio\AudioStudio.csproj]
E:\Atest1.0\AudioStudio\AudioStudio\MainWindow.xaml.cs(590,54): error CS0104: "Color" является неоднозначной ссылкой между "System.Drawing.Color" и "System.Windows.Media.Color". [E:\Atest1.0\AudioStudio\AudioStudio\AudioStudio.csproj]
E:\Atest1.0\AudioStudio\AudioStudio\MainWindow.xaml.cs(591,55): error CS0104: "Color" является неоднозначной ссылкой между "System.Drawing.Color" и "System.Windows.Media.Color". [E:\Atest1.0\AudioStudio\AudioStudio\AudioStudio.csproj]
E:\Atest1.0\AudioStudio\AudioStudio\MainWindow.xaml.cs(593,30): error CS0104: "Cursors" является неоднозначной ссылкой между "System.Windows.Forms.Cursors" и "System.Windows.Input.Cursors". [E:\Atest1.0\AudioStudio\AudioStudio\AudioStudio.csproj]
E:\Atest1.0\AudioStudio\AudioStudio\MainWindow.xaml.cs(609,45): error CS0104: "Color" является неоднозначной ссылкой между "System.Drawing.Color" и "System.Windows.Media.Color". [E:\Atest1.0\AudioStudio\AudioStudio\AudioStudio.csproj]
E:\Atest1.0\AudioStudio\AudioStudio\MainWindow.xaml.cs(610,45): error CS0104: "Color" является неоднозначной ссылкой между "System.Drawing.Color" и "System.Windows.Media.Color". [E:\Atest1.0\AudioStudio\AudioStudio\AudioStudio.csproj]
E:\Atest1.0\AudioStudio\AudioStudio\MainWindow.xaml.cs(613,43): error CS0176: Доступ к члену "HorizontalAlignment.Left" через ссылку на экземпляр невозможен; вместо этого уточните его, указав имя типа. [E:\Atest1.0\AudioStudio\AudioStudio\AudioStudio.csproj]
E:\Atest1.0\AudioStudio\AudioStudio\MainWindow.xaml.cs(624,45): error CS0104: "Color" является неоднозначной ссылкой между "System.Drawing.Color" и "System.Windows.Media.Color". [E:\Atest1.0\AudioStudio\AudioStudio\AudioStudio.csproj]
E:\Atest1.0\AudioStudio\AudioStudio\MainWindow.xaml.cs(625,45): error CS0104: "Color" является неоднозначной ссылкой между "System.Drawing.Color" и "System.Windows.Media.Color". [E:\Atest1.0\AudioStudio\AudioStudio\AudioStudio.csproj]
E:\Atest1.0\AudioStudio\AudioStudio\MainWindow.xaml.cs(628,43): error CS0176: Доступ к члену "HorizontalAlignment.Left" через ссылку на экземпляр невозможен; вместо этого уточните его, указав имя типа. [E:\Atest1.0\AudioStudio\AudioStudio\AudioStudio.csproj]
E:\Atest1.0\AudioStudio\AudioStudio\MainWindow.xaml.cs(634,38): error CS0104: "Button" является неоднозначной ссылкой между "System.Windows.Controls.Button" и "System.Windows.Forms.Button". [E:\Atest1.0\AudioStudio\AudioStudio\AudioStudio.csproj]
E:\Atest1.0\AudioStudio\AudioStudio\MainWindow.xaml.cs(640,34): error CS0104: "Brushes" является неоднозначной ссылкой между "System.Drawing.Brushes" и "System.Windows.Media.Brushes". [E:\Atest1.0\AudioStudio\AudioStudio\AudioStudio.csproj]
E:\Atest1.0\AudioStudio\AudioStudio\MainWindow.xaml.cs(641,54): error CS0104: "Color" является неоднозначной ссылкой между "System.Drawing.Color" и "System.Windows.Media.Color". [E:\Atest1.0\AudioStudio\AudioStudio\AudioStudio.csproj]
E:\Atest1.0\AudioStudio\AudioStudio\MainWindow.xaml.cs(643,30): error CS0104: "Cursors" является неоднозначной ссылкой между "System.Windows.Forms.Cursors" и "System.Windows.Input.Cursors". [E:\Atest1.0\AudioStudio\AudioStudio\AudioStudio.csproj]
E:\Atest1.0\AudioStudio\AudioStudio\MainWindow.xaml.cs(644,43): error CS0176: Доступ к члену "HorizontalAlignment.Right" через ссылку на экземпляр невозможен; вместо этого уточните его, указав имя типа. [E:\Atest1.0\AudioStudio\AudioStudio\AudioStudio.csproj]
E:\Atest1.0\AudioStudio\AudioStudio\MainWindow.xaml.cs(676,45): error CS0104: "Color" является неоднозначной ссылкой между "System.Drawing.Color" и "System.Windows.Media.Color". [E:\Atest1.0\AudioStudio\AudioStudio\AudioStudio.csproj]
E:\Atest1.0\AudioStudio\AudioStudio\MainWindow.xaml.cs(677,45): error CS0104: "Color" является неоднозначной ссылкой между "System.Drawing.Color" и "System.Windows.Media.Color". [E:\Atest1.0\AudioStudio\AudioStudio\AudioStudio.csproj]
E:\Atest1.0\AudioStudio\AudioStudio\MainWindow.xaml.cs(678,55): error CS0104: "Color" является неоднозначной ссылкой между "System.Drawing.Color" и "System.Windows.Media.Color". [E:\Atest1.0\AudioStudio\AudioStudio\AudioStudio.csproj]
E:\Atest1.0\AudioStudio\AudioStudio\MainWindow.xaml.cs(685,34): error CS0104: "Brushes" является неоднозначной ссылкой между "System.Drawing.Brushes" и "System.Windows.Media.Brushes". [E:\Atest1.0\AudioStudio\AudioStudio\AudioStudio.csproj]
E:\Atest1.0\AudioStudio\AudioStudio\MainWindow.xaml.cs(717,54): error CS0104: "Color" является неоднозначной ссылкой между "System.Drawing.Color" и "System.Windows.Media.Color". [E:\Atest1.0\AudioStudio\AudioStudio\AudioStudio.csproj]
E:\Atest1.0\AudioStudio\AudioStudio\MainWindow.xaml.cs(720,34): error CS0104: "Cursors" является неоднозначной ссылкой между "System.Windows.Forms.Cursors" и "System.Windows.Input.Cursors". [E:\Atest1.0\AudioStudio\AudioStudio\AudioStudio.csproj]
E:\Atest1.0\AudioStudio\AudioStudio\MainWindow.xaml.cs(724,39): error CS0104: "Rectangle" является неоднозначной ссылкой между "System.Drawing.Rectangle" и "System.Windows.Shapes.Rectangle". [E:\Atest1.0\AudioStudio\AudioStudio\AudioStudio.csproj]
E:\Atest1.0\AudioStudio\AudioStudio\MainWindow.xaml.cs(728,32): error CS0104: "Brushes" является неоднозначной ссылкой между "System.Drawing.Brushes" и "System.Windows.Media.Brushes". [E:\Atest1.0\AudioStudio\AudioStudio\AudioStudio.csproj]
E:\Atest1.0\AudioStudio\AudioStudio\MainWindow.xaml.cs(786,48): error CS0104: "Color" является неоднозначной ссылкой между "System.Drawing.Color" и "System.Windows.Media.Color". [E:\Atest1.0\AudioStudio\AudioStudio\AudioStudio.csproj]
E:\Atest1.0\AudioStudio\AudioStudio\MainWindow.xaml.cs(787,50): error CS0104: "Color" является неоднозначной ссылкой между "System.Drawing.Color" и "System.Windows.Media.Color". [E:\Atest1.0\AudioStudio\AudioStudio\AudioStudio.csproj]
E:\Atest1.0\AudioStudio\AudioStudio\MainWindow.xaml.cs(797,46): error CS0104: "Color" является неоднозначной ссылкой между "System.Drawing.Color" и "System.Windows.Media.Color". [E:\Atest1.0\AudioStudio\AudioStudio\AudioStudio.csproj]
E:\Atest1.0\AudioStudio\AudioStudio\MainWindow.xaml.cs(934,17): error CS0104: "MessageBox" является неоднозначной ссылкой между "System.Windows.Forms.MessageBox" и "System.Windows.MessageBox". [E:\Atest1.0\AudioStudio\AudioStudio\AudioStudio.csproj]
E:\Atest1.0\AudioStudio\AudioStudio\MainWindow.xaml.cs(1218,17): error CS0104: "MessageBox" является неоднозначной ссылкой между "System.Windows.Forms.MessageBox" и "System.Windows.MessageBox". [E:\Atest1.0\AudioStudio\AudioStudio\AudioStudio.csproj]
E:\Atest1.0\AudioStudio\AudioStudio\MainWindow.xaml.cs(1421,13): error CS0104: "MessageBox" является неоднозначной ссылкой между "System.Windows.Forms.MessageBox" и "System.Windows.MessageBox". [E:\Atest1.0\AudioStudio\AudioStudio\AudioStudio.csproj]
E:\Atest1.0\AudioStudio\AudioStudio\MainWindow.xaml.cs(1428,13): error CS0104: "MessageBox" является неоднозначной ссылкой между "System.Windows.Forms.MessageBox" и "System.Windows.MessageBox". [E:\Atest1.0\AudioStudio\AudioStudio\AudioStudio.csproj]
E:\Atest1.0\AudioStudio\AudioStudio\MainWindow.xaml.cs(1480,13): error CS0104: "MessageBox" является неоднозначной ссылкой между "System.Windows.Forms.MessageBox" и "System.Windows.MessageBox". [E:\Atest1.0\AudioStudio\AudioStudio\AudioStudio.csproj]
    Предупреждений: 6
    Ошибок: 31

Прошло времени 00:00:05.58
